<?xml version="1.0" encoding="UTF-8"?>
<!-- Generated by org.testng.reporters.JUnitReportReporter -->
<testsuite skipped="0" hostname="BAL3EST1GTT20LJ" name="com.grj.javatest.awing.TestGUI" tests="1" failures="0" timestamp="03 四月 2018 07:27:35 GMT" time="10.722" errors="0">
  <testcase name="test02" time="10.722" classname="com.grj.javatest.awing.TestGUI"/>
</testsuite> <!-- com.grj.javatest.awing.TestGUI -->
